C51 COMPILER V9.53.0.0   INTERRUPTS                                                        07/30/2018 15:11:31 PAGE 1   


C51 COMPILER V9.53.0.0, COMPILATION OF MODULE INTERRUPTS
OBJECT MODULE PLACED IN .\src\Interrupts.OBJ
COMPILER INVOKED BY: c:\SiliconLabs\SimplicityStudio\v4\developer\toolchains\keil_8051\9.53\BIN\C51.exe C:\Users\pdill\D
                    -ocuments\GitHub\Macro_Articles\MEP_SAO_DC26\Software\MEP_SAO_DC26\src\Interrupts.c OMF2 SMALL DEBUG OBJECTEXTEND ROM(LAR
                    -GE) WARNINGLEVEL(2) FLOATFUZZY(3) OPTIMIZE(8,SPEED) DEFINE(DEBUG=1) INTVECTOR(0X0000) INTPROMOTE INCDIR(C:\Users\pdill\D
                    -ocuments\GitHub\Macro_Articles\MEP_SAO_DC26\Software\MEP_SAO_DC26\inc;C:/SiliconLabs/SimplicityStudio/v4/developer/sdks/
                    -8051/v4.1.1//Device/shared/si8051base;C:/SiliconLabs/SimplicityStudio/v4/developer/sdks/8051/v4.1.1//Device/EFM8SB1/inc)
                    - PRINT(.\src\Interrupts.lst) COND PAGEWIDTH(120) PAGELENGTH(65) OBJECT(.\src\Interrupts.OBJ)

line level    source

   1          //=========================================================
   2          // src/Interrupts.c: generated by Hardware Configurator
   3          //
   4          // This file will be regenerated when saving a document.
   5          // leave the sections inside the "$[...]" comment tags alone
   6          // or they will be overwritten!
   7          //=========================================================
   8          
   9          // USER INCLUDES
  10          #include <SI_EFM8SB1_Register_Enums.h>
  11          
  12          extern volatile int mS_counter;
  13          extern volatile int LED_OUTPUT;
  14          
  15          SI_SBIT(LED_D22_D23, SFR_P0, 0);
  16          SI_SBIT(LED_D9, SFR_P0, 1);
  17          SI_SBIT(LED_D10, SFR_P0, 2);
  18          SI_SBIT(LED_D18_D19_D20_D21, SFR_P0, 3);
  19          SI_SBIT(LED_D8, SFR_P0, 4);
  20          SI_SBIT(LED_D7, SFR_P0, 5);
  21          SI_SBIT(LED_D11_D12_D17, SFR_P0, 6);
  22          SI_SBIT(LED_D13, SFR_P0, 7);
  23          
  24          SI_SBIT(LED_D14_D15_D16, SFR_P1, 0);
  25          SI_SBIT(LED_D4, SFR_P1, 1);
  26          SI_SBIT(LED_D3, SFR_P1, 2);
  27          SI_SBIT(LED_D2, SFR_P1, 3);
  28          SI_SBIT(LED_D5, SFR_P1, 5);
  29          SI_SBIT(LED_D6, SFR_P1, 6);
  30          SI_SBIT(LED_D1, SFR_P1, 7);
  31          
  32          //-----------------------------------------------------------------------------
  33          // TIMER0_ISR
  34          //-----------------------------------------------------------------------------
  35          //
  36          // TIMER0 ISR Content goes here. Remember to clear flag bits:
  37          // TCON::TF0 (Timer 0 Overflow Flag)
  38          //
  39          //-----------------------------------------------------------------------------
  40          SI_INTERRUPT (TIMER0_ISR, TIMER0_IRQn)
  41          {
  42   1              mS_counter++;
  43   1      
  44   1              LED_D1 = LED_OUTPUT & 0x0001;
  45   1              LED_D2 = LED_OUTPUT & 0x0002;
  46   1              LED_D3 = LED_OUTPUT & 0x0004;
  47   1              LED_D4 = LED_OUTPUT & 0x0008;
  48   1              LED_D5 = LED_OUTPUT & 0x0010;
  49   1              LED_D6 = LED_OUTPUT & 0x0020;
  50   1              LED_D7 = LED_OUTPUT & 0x0040;
  51   1              LED_D8 = LED_OUTPUT & 0x0080;
C51 COMPILER V9.53.0.0   INTERRUPTS                                                        07/30/2018 15:11:31 PAGE 2   

  52   1              LED_D9 = LED_OUTPUT & 0x0100;
  53   1              LED_D10 = LED_OUTPUT & 0x0200;
  54   1              LED_D13 = LED_OUTPUT & 0x0400;
  55   1              LED_D11_D12_D17 = LED_OUTPUT & 0x0800;
  56   1              LED_D14_D15_D16 = LED_OUTPUT & 0x1000;
  57   1              LED_D18_D19_D20_D21 = LED_OUTPUT & 0x2000;
  58   1              LED_D22_D23 = LED_OUTPUT & 0x4000;
  59   1      
  60   1              TCON_TF0 = 0;
  61   1      }
  62          


MODULE INFORMATION:   STATIC OVERLAYABLE
   CODE SIZE        =    109    ----
   CONSTANT SIZE    =   ----    ----
   XDATA SIZE       =   ----    ----
   PDATA SIZE       =   ----    ----
   DATA SIZE        =   ----    ----
   IDATA SIZE       =   ----    ----
   BIT SIZE         =   ----    ----
   EDATA SIZE       =   ----    ----
   HDATA SIZE       =   ----    ----
   XDATA CONST SIZE =   ----    ----
   FAR CONST SIZE   =   ----    ----
END OF MODULE INFORMATION.


C51 COMPILATION COMPLETE.  0 WARNING(S),  0 ERROR(S)
