C51 COMPILER V9.53.0.0   INTERRUPTS                                                        08/17/2017 13:37:35 PAGE 1   


C51 COMPILER V9.53.0.0, COMPILATION OF MODULE INTERRUPTS
OBJECT MODULE PLACED IN .\src\Interrupts.OBJ
COMPILER INVOKED BY: c:\SiliconLabs\SimplicityStudio\v4\developer\toolchains\keil_8051\9.53\BIN\C51.exe C:\Users\Parker\
                    -SimplicityStudio\MF_workspace\MF_Blink\src\Interrupts.c OMF2 SMALL DEBUG OBJECTEXTEND ROM(LARGE) WARNINGLEVEL(2) FLOATFU
                    -ZZY(3) OPTIMIZE(8,SPEED) DEFINE(DEBUG=1) INTVECTOR(0X0000) INTPROMOTE INCDIR(C:/SiliconLabs/SimplicityStudio/v4/develope
                    -r/sdks/8051/v4.0.4//Device/shared/si8051base;C:/SiliconLabs/SimplicityStudio/v4/developer/sdks/8051/v4.0.4//Device/EFM8B
                    -B1/inc;C:\Users\Parker\SimplicityStudio\MF_workspace\MF_Blink\inc) PRINT(.\src\Interrupts.lst) COND PAGEWIDTH(120) PAGEL
                    -ENGTH(65) OBJECT(.\src\Interrupts.OBJ)

line level    source

   1          //=========================================================
   2          // src/Interrupts.c: generated by Hardware Configurator
   3          //
   4          // This file will be regenerated when saving a document.
   5          // leave the sections inside the "$[...]" comment tags alone
   6          // or they will be overwritten!
   7          //=========================================================
   8          
   9          // USER INCLUDES
  10          #include <SI_EFM8BB1_Register_Enums.h>
  11          
  12          //-----------------------------------------------------------------------------
  13          // Global VARIABLES
  14          //-----------------------------------------------------------------------------
  15          int LEDCOUNT = 0;
  16          
  17          //-----------------------------------------------------------------------------
  18          // Global CONSTANTS
  19          //-----------------------------------------------------------------------------
  20          SI_SBIT(LED0, SFR_P1, 0);                  // P1.0 LED0
  21          
  22          //-----------------------------------------------------------------------------
  23          // TIMER2_ISR
  24          //-----------------------------------------------------------------------------
  25          //
  26          // TIMER2 ISR Content goes here. Remember to clear flag bits:
  27          // TMR2CN0::TF2H (Timer # High Byte Overflow Flag)
  28          // TMR2CN0::TF2L (Timer # Low Byte Overflow Flag)
  29          //
  30          //-----------------------------------------------------------------------------
  31          SI_INTERRUPT (TIMER2_ISR, TIMER2_IRQn)
  32          {
  33   1              TMR2CN0_TF2H = 0;                  // Clear Timer2 interrupt flag
  34   1      
  35   1              if(LEDCOUNT == 10)
  36   1              {
  37   2                      LED0 = ~LED0;
  38   2                      LEDCOUNT = 0;
  39   2              }
  40   1              LEDCOUNT++;
  41   1      }
  42          


MODULE INFORMATION:   STATIC OVERLAYABLE
   CODE SIZE        =     32    ----
   CONSTANT SIZE    =   ----    ----
   XDATA SIZE       =   ----    ----
   PDATA SIZE       =   ----    ----
   DATA SIZE        =      2    ----
   IDATA SIZE       =   ----    ----
C51 COMPILER V9.53.0.0   INTERRUPTS                                                        08/17/2017 13:37:35 PAGE 2   

   BIT SIZE         =   ----    ----
   EDATA SIZE       =   ----    ----
   HDATA SIZE       =   ----    ----
   XDATA CONST SIZE =   ----    ----
   FAR CONST SIZE   =   ----    ----
END OF MODULE INFORMATION.


C51 COMPILATION COMPLETE.  0 WARNING(S),  0 ERROR(S)
