C51 COMPILER V9.53.0.0   MAIN                                                              08/17/2017 13:29:24 PAGE 1   


C51 COMPILER V9.53.0.0, COMPILATION OF MODULE MAIN
OBJECT MODULE PLACED IN .\src\main.OBJ
COMPILER INVOKED BY: c:\SiliconLabs\SimplicityStudio\v4\developer\toolchains\keil_8051\9.53\BIN\C51.exe C:\Users\Parker\
                    -SimplicityStudio\MF_workspace\MF_Blink\src\main.c OMF2 SMALL DEBUG OBJECTEXTEND ROM(LARGE) WARNINGLEVEL(2) FLOATFUZZY(3)
                    - OPTIMIZE(8,SPEED) DEFINE(DEBUG=1) INTVECTOR(0X0000) INTPROMOTE INCDIR(C:/SiliconLabs/SimplicityStudio/v4/developer/sdks
                    -/8051/v4.0.4//Device/shared/si8051base;C:/SiliconLabs/SimplicityStudio/v4/developer/sdks/8051/v4.0.4//Device/EFM8BB1/inc
                    -;C:\Users\Parker\SimplicityStudio\MF_workspace\MF_Blink\inc) PRINT(.\src\main.lst) COND PAGEWIDTH(120) PAGELENGTH(65) OB
                    -JECT(.\src\main.OBJ)

line level    source

   1          
   2          //-----------------------------------------------------------------------------
   3          // Includes
   4          //-----------------------------------------------------------------------------
   5          #include <SI_EFM8BB1_Register_Enums.h>                // SFR declarations
   6          #include <InitDevice.h>
   7          
   8          //-----------------------------------------------------------------------------
   9          // main() Routine
  10          // ----------------------------------------------------------------------------
  11          //
  12          // Note: the software watchdog timer is not disabled by default in this
  13          // example, so a long-running program will reset periodically unless
  14          // the timer is disabled or your program periodically writes to it.
  15          //
  16          // Review the "Watchdog Timer" section under the part family's datasheet
  17          // for details. To find the datasheet, select your part in the
  18          // Simplicity Launcher and click on "Data Sheet".
  19          //
  20          //-----------------------------------------------------------------------------
  21          int main (void)
  22          {
  23   1              enter_DefaultMode_from_RESET();
  24   1      
  25   1              IE_EA = 1;                          // Enable global interrupts
  26   1      
  27   1              while (1) {}                        // Spin forever
  28   1      }


MODULE INFORMATION:   STATIC OVERLAYABLE
   CODE SIZE        =      7    ----
   CONSTANT SIZE    =   ----    ----
   XDATA SIZE       =   ----    ----
   PDATA SIZE       =   ----    ----
   DATA SIZE        =   ----    ----
   IDATA SIZE       =   ----    ----
   BIT SIZE         =   ----    ----
   EDATA SIZE       =   ----    ----
   HDATA SIZE       =   ----    ----
   XDATA CONST SIZE =   ----    ----
   FAR CONST SIZE   =   ----    ----
END OF MODULE INFORMATION.


C51 COMPILATION COMPLETE.  0 WARNING(S),  0 ERROR(S)
